app/build/intermediates/manifest_merge_blame_file/debug/processDebugMainManifest/manifest-merger-blame-debug-report.txt
1<?xml version="1.0" encoding="utf-8"?>
2<manifest xmlns:android="http://schemas.android.com/apk/res/android"
3    package="com.popcorntime.android.debug"
4    android:versionCode="1"
5    android:versionName="1.0.0" >
6
7    <uses-sdk
8        android:minSdkVersion="26"
9        android:targetSdkVersion="34" />
10
11    <!-- Network -->
12    <uses-permission android:name="android.permission.INTERNET" />
12-->src/main/AndroidManifest.xml:5:5-67
12-->src/main/AndroidManifest.xml:5:22-64
13    <uses-permission android:name="android.permission.ACCESS_NETWORK_STATE" />
13-->src/main/AndroidManifest.xml:6:5-79
13-->src/main/AndroidManifest.xml:6:22-76
14    <uses-permission android:name="android.permission.ACCESS_WIFI_STATE" />
14-->src/main/AndroidManifest.xml:7:5-76
14-->src/main/AndroidManifest.xml:7:22-73
15    <uses-permission android:name="android.permission.CHANGE_WIFI_MULTICAST_STATE" />
15-->src/main/AndroidManifest.xml:8:5-86
15-->src/main/AndroidManifest.xml:8:22-83
16
17    <!-- Storage (scoped storage — only coarse access needed on API 26+) -->
18    <uses-permission
18-->src/main/AndroidManifest.xml:11:5-12:38
19        android:name="android.permission.READ_EXTERNAL_STORAGE"
19-->src/main/AndroidManifest.xml:11:22-77
20        android:maxSdkVersion="32" />
20-->src/main/AndroidManifest.xml:12:9-35
21    <uses-permission
21-->src/main/AndroidManifest.xml:13:5-14:38
22        android:name="android.permission.WRITE_EXTERNAL_STORAGE"
22-->src/main/AndroidManifest.xml:13:22-78
23        android:maxSdkVersion="29" />
23-->src/main/AndroidManifest.xml:14:9-35
24
25    <!-- Foreground service for torrent downloads -->
26    <uses-permission android:name="android.permission.FOREGROUND_SERVICE" />
26-->src/main/AndroidManifest.xml:17:5-77
26-->src/main/AndroidManifest.xml:17:22-74
27    <uses-permission android:name="android.permission.FOREGROUND_SERVICE_DATA_SYNC" />
27-->src/main/AndroidManifest.xml:18:5-87
27-->src/main/AndroidManifest.xml:18:22-84
28
29    <!-- Keep CPU on during torrent seeding -->
30    <uses-permission android:name="android.permission.WAKE_LOCK" />
30-->src/main/AndroidManifest.xml:21:5-68
30-->src/main/AndroidManifest.xml:21:22-65
31
32    <!-- Post notifications (Android 13+) -->
33    <uses-permission android:name="android.permission.POST_NOTIFICATIONS" />
33-->src/main/AndroidManifest.xml:24:5-77
33-->src/main/AndroidManifest.xml:24:22-74
34
35    <!-- Vibrate for notifications -->
36    <uses-permission android:name="android.permission.VIBRATE" />
36-->src/main/AndroidManifest.xml:27:5-66
36-->src/main/AndroidManifest.xml:27:22-63
37
38    <!-- Cast / network routing -->
39    <uses-permission android:name="android.permission.CHANGE_NETWORK_STATE" />
39-->src/main/AndroidManifest.xml:30:5-79
39-->src/main/AndroidManifest.xml:30:22-76
40
41    <queries>
41-->[com.google.android.gms:play-services-cast-framework:21.5.0] AndroidManifest.xml:10:5-12:15
42        <package android:name="com.google.android.gms.policy_cast_dynamite" />
42-->[com.google.android.gms:play-services-cast-framework:21.5.0] AndroidManifest.xml:11:9-79
42-->[com.google.android.gms:play-services-cast-framework:21.5.0] AndroidManifest.xml:11:18-76
43    </queries>
44
45    <permission
45-->[androidx.core:core:1.13.1] AndroidManifest.xml:22:5-24:47
46        android:name="com.popcorntime.android.debug.DYNAMIC_RECEIVER_NOT_EXPORTED_PERMISSION"
46-->[androidx.core:core:1.13.1] AndroidManifest.xml:23:9-81
47        android:protectionLevel="signature" />
47-->[androidx.core:core:1.13.1] AndroidManifest.xml:24:9-44
48
49    <uses-permission android:name="com.popcorntime.android.debug.DYNAMIC_RECEIVER_NOT_EXPORTED_PERMISSION" />
49-->[androidx.core:core:1.13.1] AndroidManifest.xml:26:5-97
49-->[androidx.core:core:1.13.1] AndroidManifest.xml:26:22-94
50
51    <application
51-->src/main/AndroidManifest.xml:32:5-88:19
52        android:name="com.popcorntime.android.PopcornApp"
52-->src/main/AndroidManifest.xml:33:9-35
53        android:allowBackup="true"
53-->src/main/AndroidManifest.xml:34:9-35
54        android:appComponentFactory="androidx.core.app.CoreComponentFactory"
54-->[androidx.core:core:1.13.1] AndroidManifest.xml:28:18-86
55        android:debuggable="true"
56        android:extractNativeLibs="false"
57        android:hardwareAccelerated="true"
57-->src/main/AndroidManifest.xml:40:9-43
58        android:icon="@mipmap/ic_launcher"
58-->src/main/AndroidManifest.xml:35:9-43
59        android:label="Popcorn Time"
59-->src/main/AndroidManifest.xml:36:9-37
60        android:largeHeap="true"
60-->src/main/AndroidManifest.xml:41:9-33
61        android:roundIcon="@mipmap/ic_launcher"
61-->src/main/AndroidManifest.xml:37:9-48
62        android:supportsRtl="true"
62-->src/main/AndroidManifest.xml:38:9-35
63        android:theme="@style/Theme.PopcornTime" >
63-->src/main/AndroidManifest.xml:39:9-49
64        <activity
64-->src/main/AndroidManifest.xml:43:9-66:20
65            android:name="com.popcorntime.android.MainActivity"
65-->src/main/AndroidManifest.xml:44:13-41
66            android:configChanges="orientation|screenSize|screenLayout|smallestScreenSize"
66-->src/main/AndroidManifest.xml:48:13-91
67            android:exported="true"
67-->src/main/AndroidManifest.xml:45:13-36
68            android:screenOrientation="userPortrait"
68-->src/main/AndroidManifest.xml:46:13-53
69            android:windowSoftInputMode="adjustResize" >
69-->src/main/AndroidManifest.xml:47:13-55
70            <intent-filter>
70-->src/main/AndroidManifest.xml:49:13-52:29
71                <action android:name="android.intent.action.MAIN" />
71-->src/main/AndroidManifest.xml:50:17-69
71-->src/main/AndroidManifest.xml:50:25-66
72
73                <category android:name="android.intent.category.LAUNCHER" />
73-->src/main/AndroidManifest.xml:51:17-77
73-->src/main/AndroidManifest.xml:51:27-74
74            </intent-filter>
75            <!-- Handle magnet links -->
76            <intent-filter>
76-->src/main/AndroidManifest.xml:54:13-59:29
77                <action android:name="android.intent.action.VIEW" />
77-->src/main/AndroidManifest.xml:55:17-69
77-->src/main/AndroidManifest.xml:55:25-66
78
79                <category android:name="android.intent.category.DEFAULT" />
79-->src/main/AndroidManifest.xml:56:17-76
79-->src/main/AndroidManifest.xml:56:27-73
80                <category android:name="android.intent.category.BROWSABLE" />
80-->src/main/AndroidManifest.xml:57:17-78
80-->src/main/AndroidManifest.xml:57:27-75
81
82                <data android:scheme="magnet" />
82-->src/main/AndroidManifest.xml:58:17-49
82-->src/main/AndroidManifest.xml:58:23-46
83            </intent-filter>
84            <!-- Handle .torrent files -->
85            <intent-filter>
85-->src/main/AndroidManifest.xml:61:13-65:29
86                <action android:name="android.intent.action.VIEW" />
86-->src/main/AndroidManifest.xml:55:17-69
86-->src/main/AndroidManifest.xml:55:25-66
87
88                <category android:name="android.intent.category.DEFAULT" />
88-->src/main/AndroidManifest.xml:56:17-76
88-->src/main/AndroidManifest.xml:56:27-73
89
90                <data android:mimeType="application/x-bittorrent" />
90-->src/main/AndroidManifest.xml:58:17-49
90-->src/main/AndroidManifest.xml:64:23-66
91            </intent-filter>
92        </activity>
93
94        <!-- Torrent foreground service -->
95        <service
95-->src/main/AndroidManifest.xml:69:9-72:56
96            android:name="com.popcorntime.android.data.torrent.TorrentService"
96-->src/main/AndroidManifest.xml:70:13-56
97            android:exported="false"
97-->src/main/AndroidManifest.xml:71:13-37
98            android:foregroundServiceType="dataSync" />
98-->src/main/AndroidManifest.xml:72:13-53
99
100        <!-- Cast SDK -->
101        <meta-data
101-->src/main/AndroidManifest.xml:75:9-77:92
102            android:name="com.google.android.gms.cast.framework.OPTIONS_PROVIDER_CLASS_NAME"
102-->src/main/AndroidManifest.xml:76:13-93
103            android:value="com.popcorntime.android.data.cast.PopcornCastOptionsProvider" />
103-->src/main/AndroidManifest.xml:77:13-89
104
105        <activity
105-->src/main/AndroidManifest.xml:79:9-86:20
106            android:name="com.google.android.gms.cast.framework.media.widget.ExpandedControlsActivity"
106-->src/main/AndroidManifest.xml:80:13-103
107            android:exported="false"
107-->src/main/AndroidManifest.xml:81:13-37
108            android:launchMode="singleTask" >
108-->src/main/AndroidManifest.xml:82:13-44
109            <intent-filter>
109-->src/main/AndroidManifest.xml:83:13-85:29
110                <action android:name="android.intent.action.MAIN" />
110-->src/main/AndroidManifest.xml:50:17-69
110-->src/main/AndroidManifest.xml:50:25-66
111            </intent-filter>
112        </activity>
113
114        <receiver
114-->[com.google.android.gms:play-services-cast-framework:21.5.0] AndroidManifest.xml:15:9-125
115            android:name="com.google.android.gms.cast.framework.media.MediaIntentReceiver"
115-->[com.google.android.gms:play-services-cast-framework:21.5.0] AndroidManifest.xml:15:19-97
116            android:exported="false" />
116-->[com.google.android.gms:play-services-cast-framework:21.5.0] AndroidManifest.xml:15:98-122
117
118        <service
118-->[com.google.android.gms:play-services-cast-framework:21.5.0] AndroidManifest.xml:17:9-118
119            android:name="com.google.android.gms.cast.framework.ReconnectionService"
119-->[com.google.android.gms:play-services-cast-framework:21.5.0] AndroidManifest.xml:17:18-90
120            android:exported="false" />
120-->[com.google.android.gms:play-services-cast-framework:21.5.0] AndroidManifest.xml:17:91-115
121
122        <activity
122-->[com.google.android.gms:play-services-base:18.5.0] AndroidManifest.xml:5:9-173
123            android:name="com.google.android.gms.common.api.GoogleApiActivity"
123-->[com.google.android.gms:play-services-base:18.5.0] AndroidManifest.xml:5:19-85
124            android:exported="false"
124-->[com.google.android.gms:play-services-base:18.5.0] AndroidManifest.xml:5:146-170
125            android:theme="@android:style/Theme.Translucent.NoTitleBar" />
125-->[com.google.android.gms:play-services-base:18.5.0] AndroidManifest.xml:5:86-145
126
127        <meta-data
127-->[com.google.android.gms:play-services-basement:18.4.0] AndroidManifest.xml:6:9-122
128            android:name="com.google.android.gms.version"
128-->[com.google.android.gms:play-services-basement:18.4.0] AndroidManifest.xml:6:20-65
129            android:value="@integer/google_play_services_version" />
129-->[com.google.android.gms:play-services-basement:18.4.0] AndroidManifest.xml:6:66-119
130
131        <provider
131-->[androidx.emoji2:emoji2:1.3.0] AndroidManifest.xml:24:9-32:20
132            android:name="androidx.startup.InitializationProvider"
132-->[androidx.emoji2:emoji2:1.3.0] AndroidManifest.xml:25:13-67
133            android:authorities="com.popcorntime.android.debug.androidx-startup"
133-->[androidx.emoji2:emoji2:1.3.0] AndroidManifest.xml:26:13-68
134            android:exported="false" >
134-->[androidx.emoji2:emoji2:1.3.0] AndroidManifest.xml:27:13-37
135            <meta-data
135-->[androidx.emoji2:emoji2:1.3.0] AndroidManifest.xml:29:13-31:52
136                android:name="androidx.emoji2.text.EmojiCompatInitializer"
136-->[androidx.emoji2:emoji2:1.3.0] AndroidManifest.xml:30:17-75
137                android:value="androidx.startup" />
137-->[androidx.emoji2:emoji2:1.3.0] AndroidManifest.xml:31:17-49
138            <meta-data
138-->[androidx.lifecycle:lifecycle-process:2.7.0] AndroidManifest.xml:29:13-31:52
139                android:name="androidx.lifecycle.ProcessLifecycleInitializer"
139-->[androidx.lifecycle:lifecycle-process:2.7.0] AndroidManifest.xml:30:17-78
140                android:value="androidx.startup" />
140-->[androidx.lifecycle:lifecycle-process:2.7.0] AndroidManifest.xml:31:17-49
141            <meta-data
141-->[androidx.profileinstaller:profileinstaller:1.3.1] AndroidManifest.xml:29:13-31:52
142                android:name="androidx.profileinstaller.ProfileInstallerInitializer"
142-->[androidx.profileinstaller:profileinstaller:1.3.1] AndroidManifest.xml:30:17-85
143                android:value="androidx.startup" />
143-->[androidx.profileinstaller:profileinstaller:1.3.1] AndroidManifest.xml:31:17-49
144        </provider>
145
146        <activity
146-->[androidx.compose.ui:ui-tooling-android:1.6.7] AndroidManifest.xml:23:9-25:39
147            android:name="androidx.compose.ui.tooling.PreviewActivity"
147-->[androidx.compose.ui:ui-tooling-android:1.6.7] AndroidManifest.xml:24:13-71
148            android:exported="true" />
148-->[androidx.compose.ui:ui-tooling-android:1.6.7] AndroidManifest.xml:25:13-36
149
150        <service
150-->[androidx.room:room-runtime:2.6.1] AndroidManifest.xml:24:9-28:63
151            android:name="androidx.room.MultiInstanceInvalidationService"
151-->[androidx.room:room-runtime:2.6.1] AndroidManifest.xml:25:13-74
152            android:directBootAware="true"
152-->[androidx.room:room-runtime:2.6.1] AndroidManifest.xml:26:13-43
153            android:exported="false" />
153-->[androidx.room:room-runtime:2.6.1] AndroidManifest.xml:27:13-37
154
155        <receiver
155-->[androidx.profileinstaller:profileinstaller:1.3.1] AndroidManifest.xml:34:9-52:20
156            android:name="androidx.profileinstaller.ProfileInstallReceiver"
156-->[androidx.profileinstaller:profileinstaller:1.3.1] AndroidManifest.xml:35:13-76
157            android:directBootAware="false"
157-->[androidx.profileinstaller:profileinstaller:1.3.1] AndroidManifest.xml:36:13-44
158            android:enabled="true"
158-->[androidx.profileinstaller:profileinstaller:1.3.1] AndroidManifest.xml:37:13-35
159            android:exported="true"
159-->[androidx.profileinstaller:profileinstaller:1.3.1] AndroidManifest.xml:38:13-36
160            android:permission="android.permission.DUMP" >
160-->[androidx.profileinstaller:profileinstaller:1.3.1] AndroidManifest.xml:39:13-57
161            <intent-filter>
161-->[androidx.profileinstaller:profileinstaller:1.3.1] AndroidManifest.xml:40:13-42:29
162                <action android:name="androidx.profileinstaller.action.INSTALL_PROFILE" />
162-->[androidx.profileinstaller:profileinstaller:1.3.1] AndroidManifest.xml:41:17-91
162-->[androidx.profileinstaller:profileinstaller:1.3.1] AndroidManifest.xml:41:25-88
163            </intent-filter>
164            <intent-filter>
164-->[androidx.profileinstaller:profileinstaller:1.3.1] AndroidManifest.xml:43:13-45:29
165                <action android:name="androidx.profileinstaller.action.SKIP_FILE" />
165-->[androidx.profileinstaller:profileinstaller:1.3.1] AndroidManifest.xml:44:17-85
165-->[androidx.profileinstaller:profileinstaller:1.3.1] AndroidManifest.xml:44:25-82
166            </intent-filter>
167            <intent-filter>
167-->[androidx.profileinstaller:profileinstaller:1.3.1] AndroidManifest.xml:46:13-48:29
168                <action android:name="androidx.profileinstaller.action.SAVE_PROFILE" />
168-->[androidx.profileinstaller:profileinstaller:1.3.1] AndroidManifest.xml:47:17-88
168-->[androidx.profileinstaller:profileinstaller:1.3.1] AndroidManifest.xml:47:25-85
169            </intent-filter>
170            <intent-filter>
170-->[androidx.profileinstaller:profileinstaller:1.3.1] AndroidManifest.xml:49:13-51:29
171                <action android:name="androidx.profileinstaller.action.BENCHMARK_OPERATION" />
171-->[androidx.profileinstaller:profileinstaller:1.3.1] AndroidManifest.xml:50:17-95
171-->[androidx.profileinstaller:profileinstaller:1.3.1] AndroidManifest.xml:50:25-92
172            </intent-filter>
173        </receiver>
174
175        <service
175-->[com.google.android.datatransport:transport-backend-cct:3.1.3] AndroidManifest.xml:29:9-35:19
176            android:name="com.google.android.datatransport.runtime.backends.TransportBackendDiscovery"
176-->[com.google.android.datatransport:transport-backend-cct:3.1.3] AndroidManifest.xml:30:13-103
177            android:exported="false" >
177-->[com.google.android.datatransport:transport-backend-cct:3.1.3] AndroidManifest.xml:31:13-37
178            <meta-data
178-->[com.google.android.datatransport:transport-backend-cct:3.1.3] AndroidManifest.xml:32:13-34:39
179                android:name="backend:com.google.android.datatransport.cct.CctBackendFactory"
179-->[com.google.android.datatransport:transport-backend-cct:3.1.3] AndroidManifest.xml:33:17-94
180                android:value="cct" />
180-->[com.google.android.datatransport:transport-backend-cct:3.1.3] AndroidManifest.xml:34:17-36
181        </service>
182        <service
182-->[com.google.android.datatransport:transport-runtime:3.1.3] AndroidManifest.xml:26:9-30:19
183            android:name="com.google.android.datatransport.runtime.scheduling.jobscheduling.JobInfoSchedulerService"
183-->[com.google.android.datatransport:transport-runtime:3.1.3] AndroidManifest.xml:27:13-117
184            android:exported="false"
184-->[com.google.android.datatransport:transport-runtime:3.1.3] AndroidManifest.xml:28:13-37
185            android:permission="android.permission.BIND_JOB_SERVICE" >
185-->[com.google.android.datatransport:transport-runtime:3.1.3] AndroidManifest.xml:29:13-69
186        </service>
187
188        <receiver
188-->[com.google.android.datatransport:transport-runtime:3.1.3] AndroidManifest.xml:32:9-34:40
189            android:name="com.google.android.datatransport.runtime.scheduling.jobscheduling.AlarmManagerSchedulerBroadcastReceiver"
189-->[com.google.android.datatransport:transport-runtime:3.1.3] AndroidManifest.xml:33:13-132
190            android:exported="false" />
190-->[com.google.android.datatransport:transport-runtime:3.1.3] AndroidManifest.xml:34:13-37
191    </application>
192
193</manifest>